\BOOKMARK [1][-]{section.1}{\376\377\000W\000s\000t\001\031\000p}{}% 1
\BOOKMARK [1][-]{section.2}{\376\377\000C\000o\000\040\000t\000a\000k\000\040\000w\001\102\000a\001\133\000c\000i\000w\000i\000e\000\040\000d\000a\000j\000e\000\040\000n\000a\000m\000\040\000k\000r\000\363\000t\000k\000o\000f\000a\000l\000a\000r\000s\000t\000w\000o\000\040\000i\000\040\000p\000o\000\040\000c\000o\000\040\000o\000n\000o\000\040\000j\000e\000s\000t\000?}{}% 2
\BOOKMARK [1][-]{section.3}{\376\377\000J\000a\000k\000i\000\040\000s\000p\000r\000z\001\031\000t\000\040\000j\000e\000s\000t\000\040\000p\000o\000t\000r\000z\000e\000b\000n\000y\000\040\000n\000a\000\040\000p\000o\000c\000z\001\005\000t\000e\000k\000\040\000z\000a\000b\000a\000w\000y\000?}{}% 3
\BOOKMARK [1][-]{section.4}{\376\377\000J\000a\000k\000i\000e\000\040\000c\000z\001\031\000s\000t\000o\000t\000l\000i\000w\000o\001\133\000c\000i\000\040\000r\000a\000d\000i\000o\000w\000e\000\040\000o\000b\000e\000j\000m\000u\000j\001\005\000\040\000o\000k\000r\000e\001\133\000l\000o\000n\000e\000\040\000k\000a\000t\000e\000g\000o\000r\000i\000e\000\040\000p\000o\000z\000w\000o\000l\000e\001\104\000?}{}% 4
\BOOKMARK [1][-]{section.5}{\376\377\000C\000o\000\040\000t\000o\000\040\000w\000\040\000o\000g\000\363\000l\000e\000\040\000j\000e\000s\000t\000\040\000t\000o\000\040\040\036\000p\000a\000s\000m\000o\040\035\000?}{}% 5
\BOOKMARK [1][-]{section.6}{\376\377\000C\000o\000\040\000t\000o\000\040\000j\000e\000s\000t\000\040\000b\000a\000n\000d\000p\000l\000a\000n\000?}{}% 6
\BOOKMARK [1][-]{section.7}{\376\377\000J\000a\000k\000i\000\040\000j\000e\000s\000t\000\040\000z\000a\000s\000i\001\031\000g\000\040\000p\000a\000s\000m\000\040\000\050\000p\000r\000o\000p\000a\000g\000a\000c\000j\000a\000\051\000?}{}% 7
\BOOKMARK [1][-]{section.8}{\376\377\000J\000a\000k\000\040\000d\000o\000w\000i\000e\000d\000z\000i\000e\001\007\000\040\000s\000i\001\031\000,\000\040\001\174\000e\000\040\000"\000j\000e\000s\000t\000\040\000d\000o\000b\000r\000a\000\040\000p\000r\000o\000p\000a\000g\000a\000c\000j\000a\000"\000?}{}% 8
\BOOKMARK [1][-]{section.9}{\376\377\000C\000o\000\040\000t\000o\000\040\000j\000e\000s\000t\000\040\000D\000X\000?}{}% 9
\BOOKMARK [1][-]{section.10}{\376\377\000J\000a\000k\000\040\000w\000y\000g\000l\001\005\000d\000a\000\040\000p\000r\000z\000y\000k\001\102\000a\000d\000o\000w\000a\000\040\000,\000,\001\102\001\005\000c\000z\000n\000o\001\133\001\007\000'\000'\000?}{}% 10
\BOOKMARK [1][-]{section.11}{\376\377\000D\000o\000\040\000c\000z\000e\000g\000o\000\040\000s\001\102\000u\001\174\001\005\000\040\000k\000a\000r\000t\000y\000\040\000Q\000S\000L\000?}{}% 11
\BOOKMARK [1][-]{section.12}{\376\377\000C\000o\000\040\000t\000o\000\040\000j\000e\000s\000t\000\040\000p\000r\000z\000e\000m\000i\000e\000n\000n\000i\000k\000?}{}% 12
\BOOKMARK [1][-]{section.13}{\376\377\000C\000o\000\040\000t\000o\000\040\000j\000e\000s\000t\000\040\000E\000c\000h\000o\000l\000i\000n\000k\000\040\000i\000\040\000j\000a\000k\000\040\000z\000\040\000n\000i\000e\000g\000o\000\040\000k\000o\000r\000z\000y\000s\000t\000a\001\007\000?}{}% 13
\BOOKMARK [1][-]{section.14}{\376\377\000C\000o\000\040\000t\000o\000\040\000j\000e\000s\000t\000\040\000z\000n\000a\000k\000\040\000w\000y\000w\000o\001\102\000a\000w\000c\000z\000y\000\040\000i\000\040\000g\000d\000z\000i\000e\000\040\000m\000o\000g\001\031\000\040\000s\000p\000r\000a\000w\000d\000z\000i\001\007\000\040\000l\000i\000s\000t\001\031\000\040\000p\000r\000z\000y\000z\000n\000a\000n\000y\000c\000h\000\040\000z\000n\000a\000k\000\363\000w\000?}{}% 14
\BOOKMARK [1][-]{section.15}{\376\377\000J\000a\000k\000i\000e\000\040\000s\001\005\000\040\000z\000a\000s\000a\000d\000y\000\040\000w\000y\000d\000a\000w\000a\000n\000i\000a\000\040\000z\000n\000a\000k\000\363\000w\000\040\000w\000y\000w\000o\001\102\000a\000w\000c\000z\000y\000c\000h\000?}{}% 15
\BOOKMARK [1][-]{section.16}{\376\377\000N\000a\000\040\000c\000z\000y\000m\000\040\000p\000o\000l\000e\000g\000a\000\040\001\102\000a\000m\000a\000n\000i\000e\000\040\000z\000n\000a\000k\000u\000?}{}% 16
\BOOKMARK [1][-]{section.17}{\376\377\000C\000o\000\040\000t\000o\000\040\000j\000e\000s\000t\000\040\000o\000k\000r\001\031\000g\000\040\000w\000y\000w\000o\001\102\000a\000w\000c\000z\000y\000?}{}% 17
\BOOKMARK [1][-]{section.18}{\376\377\000C\000o\000\040\000t\000o\000\040\000s\001\005\000\040\000z\000n\000a\000k\000i\000\040\000o\000k\000o\000l\000i\000c\000z\000n\000o\001\133\000c\000i\000o\000w\000e\000?}{}% 18
\BOOKMARK [1][-]{section.19}{\376\377\000C\000z\000y\000\040\000m\000o\000g\001\031\000\040\000n\000a\000d\000a\000w\000a\001\007\000\040\000z\000\040\000m\000o\000c\001\005\000\040\000,\000,\000i\000l\000e\000\040\000f\000a\000b\000r\000y\000k\000a\000\040\000d\000a\001\102\000a\000'\000'\000?}{}% 19
\BOOKMARK [1][-]{section.20}{\376\377\000C\000o\000\040\000t\000o\000\040\000j\000e\000s\000t\000\040\000S\000W\000R\000\040\000i\000\040\000d\000l\000a\000c\000z\000e\000g\000o\000\040\000w\000a\000r\000t\000o\000\040\000z\000w\000r\000a\000c\000a\001\007\000\040\000n\000i\000e\000\040\000n\000i\000e\000g\000o\000\040\000u\000w\000a\000g\001\031\000?}{}% 20
\BOOKMARK [1][-]{section.21}{\376\377\000D\000l\000a\000c\000z\000e\000g\000o\000\040\040\036\000j\000a\000k\000\040\000n\000i\000e\000\040\000w\000i\000e\000s\000z\000\040\000c\000o\000\040\000z\000r\000o\000b\000i\001\007\000\040\000t\000o\000\040\000z\000r\000\363\000b\000\040\000a\000n\000t\000e\000n\001\031\040\035\000?}{}% 21
\BOOKMARK [1][-]{section.22}{\376\377\000C\000z\000y\000\040\000r\000a\000d\000i\000a\000\040\000m\000u\000s\000z\001\005\000\040\000m\000i\000e\001\007\000\040\000a\000t\000e\000s\000t\000y\000,\000\040\000c\000e\000r\000t\000y\000f\000i\000k\000a\000t\000y\000,\000\040\000z\000a\001\133\000w\000i\000a\000d\000c\000z\000e\000n\000i\000a\000,\000\040\001\133\000w\000i\000a\000d\000e\000c\000t\000w\000a\000\040\000d\000o\000p\000u\000s\000z\000c\000z\000e\000n\000i\000a\000?}{}% 22
\BOOKMARK [1][-]{section.23}{\376\377\000J\000a\000k\000a\000\040\000a\000n\000t\000e\000n\000a\000\040\000j\000e\000s\000t\000\040\000n\000a\000j\000l\000e\000p\000s\000z\000a\000\040\000n\000a\000\040\000p\000o\000c\000z\001\005\000t\000e\000k\000?}{}% 23
\BOOKMARK [1][-]{section.24}{\376\377\000C\000o\000\040\000t\000o\000\040\000j\000e\000s\000t\000\040\000t\000e\000n\000\040\000K\000F\000/\000U\000K\000F\000?}{}% 24
\BOOKMARK [1][-]{section.25}{\376\377\000C\000o\000\040\000z\000\040\000a\000n\000t\000e\000n\001\005\000,\000\040\000j\000e\001\133\000l\000i\000\040\000m\000i\000e\000s\000z\000k\000a\000m\000y\000\040\000w\000\040\000b\000l\000o\000k\000u\000?}{}% 25
\BOOKMARK [1][-]{section.26}{\376\377\000C\000z\000y\000\040\000m\000e\000t\000a\000l\000o\000w\000y\000\040\000b\000a\000l\000k\000o\000n\000\040\000n\000i\000e\000\040\000j\000e\000s\000t\000\040\000p\000r\000z\000y\000p\000a\000d\000k\000i\000e\000m\000\040\000p\000r\000z\000e\000s\000z\000k\000o\000d\001\005\000?}{}% 26
\BOOKMARK [1][-]{section.27}{\376\377\000J\000a\000k\000\040\000z\000r\000o\000b\000i\001\007\000\040\000n\000a\000j\000p\000r\000o\000s\000t\000s\000z\001\005\000\040\000a\000n\000t\000e\000n\001\031\000?}{}% 27
\BOOKMARK [1][-]{section.28}{\376\377\000C\000z\000y\000\040\000d\000i\000p\000o\000l\000\040\000m\000o\001\174\000e\000\040\000d\000z\000i\000a\001\102\000a\001\007\000\040\000n\000a\000\040\000w\000i\001\031\000c\000e\000j\000\040\000n\000i\001\174\000\040\000j\000e\000d\000n\000y\000m\000\040\000p\000a\001\133\000m\000i\000e\000?}{}% 28
\BOOKMARK [1][-]{section.29}{\376\377\000J\000a\000k\000i\000e\000\040\000j\000e\000s\000t\000\040\000m\000i\000n\000i\000m\000a\000l\000n\000e\000\040\000w\000y\000p\000o\000s\000a\001\174\000e\000n\000i\000e\000\040\000s\000t\000a\000c\000j\000i\000\040\000n\000a\000\040\000K\000F\000?}{}% 29
\BOOKMARK [1][-]{section.30}{\376\377\000J\000a\000k\000i\000\040\000j\000e\000s\000t\000\040\000k\000o\000s\000z\000t\000\040\000c\000a\001\102\000e\000j\000\040\000i\000m\000p\000r\000e\000z\000y\000?}{}% 30
\BOOKMARK [1][-]{section.31}{\376\377\000C\000z\000y\000\040\000e\000g\000z\000a\000m\000i\000n\000\040\000j\000e\000s\000t\000\040\000t\000r\000u\000d\000n\000y\000?}{}% 31
\BOOKMARK [1][-]{section.32}{\376\377\000G\000d\000z\000i\000e\000\040\000m\000o\001\174\000n\000a\000\040\000z\000n\000a\000l\000e\001\172\001\007\000\040\000p\000y\000t\000a\000n\000i\000a\000\040\000d\000o\000\040\000e\000g\000z\000a\000m\000i\000n\000u\000?}{}% 32
\BOOKMARK [1][-]{section.33}{\376\377\000C\000o\000\040\000t\000o\000\040\000j\000e\000s\000t\000\040\000s\000t\000a\000c\000j\000a\000\040\000a\000u\000t\000o\000m\000a\000t\000y\000c\000z\000n\000a\000?}{}% 33
\BOOKMARK [1][-]{section.34}{\376\377\000C\000z\000y\000m\000\040\000r\000\363\001\174\000n\000i\000\040\000s\000i\001\031\000\040\000p\000o\000z\000w\000o\000l\000e\000n\000i\000e\000\040\000r\000a\000d\000i\000o\000w\000e\000\040\000o\000d\000\040\001\133\000w\000i\000a\000d\000e\000c\000t\000w\000a\000\040\000r\000a\000d\000i\000o\000o\000p\000e\000r\000a\000t\000o\000r\000a\000?}{}% 34
\BOOKMARK [1][-]{section.35}{\376\377\000A\000\040\000j\000e\001\133\000l\000i\000\040\000z\000m\000i\000e\000n\000i\000a\000m\000\040\000m\000i\000e\000j\000s\000c\000e\000\040\000z\000a\000m\000i\000e\000s\000z\000k\000a\000n\000i\000a\000,\000\040\000t\000o\000\040\000c\000o\000?}{}% 35
\BOOKMARK [1][-]{section.36}{\376\377\000J\000a\000k\000a\000\040\000j\000e\000s\000t\000\040\000p\000r\000a\000w\000i\000d\001\102\000o\000w\000a\000\040\000p\000r\000o\000c\000e\000d\000u\000r\000a\000\040\000u\000z\000y\000s\000k\000i\000w\000a\000n\000i\000a\000\040\001\133\000w\000i\000a\000d\000e\000c\000t\000w\000a\000\040\000r\000a\000d\000i\000o\000o\000p\000e\000r\000a\000t\000o\000r\000a\000?}{}% 36
\BOOKMARK [1][-]{section.37}{\376\377\000A\000\040\000j\000a\000k\000\040\000w\000\040\000p\000r\000a\000w\000i\000d\001\102\000o\000w\000y\000\040\000s\000p\000o\000s\000\363\000b\000\040\000u\000z\000y\000s\000k\000a\001\007\000\040\000p\000o\000z\000w\000o\000l\000e\000n\000i\000e\000\040\000r\000a\000d\000i\000o\000w\000e\000?}{}% 37
\BOOKMARK [1][-]{section.38}{\376\377\000C\000z\000y\000\040\000m\000o\000g\001\031\000\040\000u\001\174\000y\000w\000a\001\007\000\040\000r\000a\000d\000i\000a\000\040\000b\000e\000z\000\040\000p\000o\000z\000w\000o\000l\000e\000n\000i\000a\000?}{}% 38
\BOOKMARK [1][-]{section.39}{\376\377\000C\000z\000y\000m\000\040\000r\000\363\001\174\000n\000i\001\005\000\040\000s\000i\001\031\000\040\000p\000a\000s\000m\000a\000\040\000a\000m\000a\000t\000o\000r\000s\000k\000i\000e\000\040\000o\000d\000\040\000P\000M\000R\000,\000\040\000C\000B\000\040\000i\000\040\000i\000n\000n\000y\000c\000h\000\040\000o\000g\000\363\000l\000n\000o\000d\000o\000s\000t\001\031\000p\000n\000y\000c\000h\000?}{}% 39
\BOOKMARK [1][-]{section.40}{\376\377\000C\000o\000\040\000t\000o\000\040\000j\000e\000s\000t\000\040\000k\000l\000u\000b\000\040\000r\000a\000d\000i\000o\000a\000m\000a\000t\000o\000r\000s\000k\000i\000?}{}% 40
\BOOKMARK [1][-]{section.41}{\376\377\000J\000a\000k\000i\000e\000\040\000s\001\005\000\040\000z\000a\000s\000i\001\031\000g\000i\000\040\000s\000p\000r\000z\001\031\000t\000u\000\040\000a\000m\000a\000t\000o\000r\000s\000k\000i\000e\000g\000o\000?}{}% 41
\BOOKMARK [1][-]{section.42}{\376\377\000O\000\040\000c\000o\000\040\000c\000h\000o\000d\000z\000i\000\040\000z\000\040\040\036\000w\000a\000r\000u\000n\000k\000a\000m\000i\040\035\000\040\000n\000a\000\040\000p\000a\000s\000m\000a\000c\000h\000?}{}% 42
\BOOKMARK [1][-]{section.43}{\376\377\000J\000a\000k\000\040\000z\000a\000c\000z\001\005\001\007\000\040\000p\000r\000z\000y\000g\000o\000d\001\031\000\040\000z\000\040\000n\000a\000s\001\102\000u\000c\000h\000e\000m\000\040\000c\000z\000y\000l\000i\000\040\000R\000T\000L\000S\000D\000R\000?}{}% 43
\BOOKMARK [1][-]{section.44}{\376\377\000C\000z\000y\000\040\000m\000o\000g\001\031\000\040\000n\000a\000s\001\102\000u\000c\000h\000i\000w\000a\001\007\000\040\000b\000e\000z\000\040\000u\001\174\000y\000c\000i\000a\000\040\000R\000T\000L\000S\000D\000R\000?}{}% 44
\BOOKMARK [1][-]{section.45}{\376\377\000C\000o\000\040\000t\000o\000\040\000j\000e\000s\000t\000\040\000W\000e\000b\000S\000D\000R\000,\000\040\000c\000z\000y\000\040\000m\000o\000g\001\031\000\040\000g\000o\000\040\000u\001\174\000y\001\007\000\040\000i\000\040\000j\000a\000k\000\040\000t\000o\000\040\000z\000r\000o\000b\000i\001\007\000?}{}% 45
\BOOKMARK [1][-]{section.46}{\376\377\000G\000d\000z\000i\000e\000\040\000z\000n\000a\000l\000e\001\172\001\007\000\040\000r\000o\000z\000s\000z\000y\000f\000r\000o\000w\000a\000n\000e\000\040\000s\000k\000r\000\363\000t\000y\000\040\000u\001\174\000y\000w\000a\000n\000e\000\040\000p\000r\000z\000e\000z\000\040\000r\000a\000d\000i\000o\000a\000m\000a\000t\000o\000r\000\363\000w\000?}{}% 46
\BOOKMARK [1][-]{section.47}{\376\377\000N\000a\000\040\000j\000a\000k\000i\000c\000h\000\040\000c\000z\001\031\000s\000t\000o\000t\000l\000i\000w\000o\001\133\000c\000i\000a\000c\000h\000\040\000n\000a\000j\000s\000z\000y\000b\000c\000i\000e\000j\000\040\000z\000n\000a\000j\000d\001\031\000\040\000i\000n\000n\000e\000\040\000s\000t\000a\000c\000j\000e\000\040\000i\000\040\000n\000a\000j\000l\000e\000p\000i\000e\000j\000\040\000z\000a\000c\000z\001\005\001\007\000\040\000w\000y\000w\000o\001\102\000a\000n\000i\000e\000?}{}% 47
\BOOKMARK [1][-]{section.48}{\376\377\000C\000o\000\040\000t\000o\000\040\000j\000e\000s\000t\000\040\000A\000M\000,\000\040\000F\000M\000,\000\040\000C\000W\000,\000\040\000S\000S\000B\000,\000\040\000U\000S\000B\000,\000\040\000L\000S\000B\000?}{}% 48
\BOOKMARK [1][-]{section.49}{\376\377\000J\000a\000k\000\040\000t\000o\000\040\000j\000e\000s\000t\000\040\000z\000\040\000t\000e\000l\000e\000g\000r\000a\000f\000i\001\005\000?}{}% 49
\BOOKMARK [1][-]{section.50}{\376\377\000C\000z\000y\000\040\000n\000a\000u\000k\000a\000\040\000t\000e\000l\000e\000g\000r\000a\000f\000i\000i\000\040\000j\000e\000s\000t\000\040\000t\000r\000u\000d\000n\000a\000?}{}% 50
\BOOKMARK [1][-]{section.51}{\376\377\000N\000a\000\040\000c\000z\000y\000m\000\040\000p\000o\000l\000e\000g\000a\000j\001\005\000\040\000z\000a\000w\000o\000d\000y\000?}{}% 51
\BOOKMARK [1][-]{section.52}{\376\377\000C\000o\000\040\000o\000z\000n\000a\000c\000z\000a\000\040\000,\000,\000U\000P\000\040\0005\000'\000'\000?}{}% 52
\BOOKMARK [1][-]{section.53}{\376\377\000C\000o\000\040\000t\000o\000\040\000s\001\005\000\040\000t\000r\000a\000n\000s\000m\000i\000s\000j\000e\000\040\000c\000y\000f\000r\000o\000w\000e\000\040\000i\000\040\000j\000a\000k\000\040\000b\000a\000r\000d\000z\000o\000\040\000m\000a\000m\000\040\000s\000i\001\031\000\040\000t\000y\000m\000\040\000p\000r\000z\000e\000j\000m\000o\000w\000a\001\007\000?}{}% 53
\BOOKMARK [1][-]{section.54}{\376\377\000C\000z\000y\000\040\000p\000r\000z\000e\000z\000\040\000r\000a\000d\000i\000o\000\040\000m\000o\000g\001\031\000\040\000w\000y\000s\000y\001\102\000a\001\007\000\040\000d\000a\000n\000e\000\040\000i\000\040\000j\000e\001\133\000l\000i\000\040\000t\000a\000k\000\040\000t\000o\000\040\000j\000a\000k\000?}{}% 54
\BOOKMARK [1][-]{section.55}{\376\377\000C\000o\000\040\000t\000o\000\040\000j\000e\000s\000t\000\040\000A\000P\000R\000S\000?}{}% 55
\BOOKMARK [1][-]{section.56}{\376\377\000A\000\040\000o\000\040\000c\000o\000\040\000c\000h\000o\000d\000z\000i\000\040\000z\000\040\000t\000y\000m\000i\000\040\000s\000a\000t\000e\000l\000i\000t\000a\000m\000i\000?}{}% 56
\BOOKMARK [1][-]{section.57}{\376\377\000C\000o\000\040\000t\000o\000\040\000j\000e\000s\000t\000\040\000E\000M\000E\000?}{}% 57
\BOOKMARK [1][-]{section.58}{\376\377\000O\000\040\000c\000z\000y\000m\000\040\000n\000i\000e\000\040\000n\000a\000l\000e\001\174\000y\000\040\000r\000o\000z\000m\000a\000w\000i\000a\001\007\000\040\000n\000a\000\040\000r\000a\000d\000i\000u\000\040\000a\000\040\000c\000o\000\040\000j\000e\000s\000t\000\040\000m\000i\000l\000e\000\040\000w\000i\000d\000z\000i\000a\000n\000e\000?}{}% 58
\BOOKMARK [1][-]{section.59}{\376\377\000C\000o\000\040\000t\000o\000\040\000j\000e\000s\000t\000\040\000g\000r\000u\000p\000a\000\040\000i\000\040\000j\000a\000k\000\040\000n\000a\000l\000e\001\174\000y\000\040\040\036\000w\000y\000m\000i\000e\000n\000i\000a\001\007\000\040\000s\000i\001\031\000\040\000m\000i\000k\000r\000o\000f\000o\000n\000e\000m\040\035}{}% 59
\BOOKMARK [1][-]{section.60}{\376\377\000C\000o\000\040\000t\000o\000\040\000j\000e\000s\000t\000\040\001\102\001\005\000c\000z\000n\000o\001\133\001\007\000\040\000k\000r\000y\000z\000y\000s\000o\000w\000a\000,\000\040\000E\000m\000C\000o\000m\000?\000\040\000D\000l\000a\000c\000z\000e\000g\000o\000\040\000k\000r\000\363\000t\000k\000o\000f\000a\000l\000a\000r\000s\000t\000w\000o\000\040\000t\000o\000\040\040\036\000s\001\102\000u\001\174\000b\000a\040\035\000\040\000i\000\040\000j\000a\000k\000\040\000p\000o\000w\000i\000n\000n\000i\001\133\000m\000y\000\040\000w\000y\000k\000o\000r\000z\000y\000s\000t\000y\000w\000a\001\007\000\040\000r\000a\000d\000i\000a\000\040\000w\000\040\000s\000y\000t\000u\000a\000c\000j\000a\000c\000h\000\040\000k\000r\000y\000z\000y\000s\000o\000w\000y\000c\000h\000?}{}% 60
\BOOKMARK [1][-]{section.61}{\376\377\000C\000z\000y\000\040\000i\000\040\000g\000d\000z\000i\000e\000\040\000m\000o\000g\001\031\000\040\000p\000o\000s\001\102\000u\000c\000h\000a\001\007\000\040\000p\000r\000o\000g\000n\000o\000z\000y\000\040\000p\000o\000g\000o\000d\000y\000?}{}% 61
\BOOKMARK [1][-]{section.62}{\376\377\000C\000z\000y\000\040\000m\000o\001\174\000n\000a\000\040\000s\001\102\000u\000c\000h\000a\001\007\000\040\000s\000a\000m\000o\000l\000o\000t\000\363\000w\000?}{}% 62
\BOOKMARK [1][-]{section.63}{\376\377\000C\000z\000y\000\040\000m\000o\001\174\000n\000a\000\040\000s\001\102\000u\000c\000h\000a\001\007\000\040\000s\001\102\000u\001\174\000b\000\040\000m\000u\000n\000d\000u\000r\000o\000w\000y\000c\000h\000?}{}% 63
\BOOKMARK [1][-]{section.64}{\376\377\000C\000z\000y\000\040\000m\000a\000j\001\005\000c\000\040\000l\000i\000c\000e\000n\000c\000j\001\031\000\040\000b\001\031\000d\001\031\000\040\000m\000\363\000g\001\102\000\040\000p\000o\000s\000t\000a\000w\000i\001\007\000\040\000w\001\102\000a\000s\000n\000e\000g\000o\000\040\000B\000T\000S\000-\000a\000\040\000l\000u\000b\000\040\000w\000s\000k\000r\000z\000e\000s\000i\001\007\000\040\000p\000a\000g\000e\000r\000y\000?}{}% 64
\BOOKMARK [1][-]{section.65}{\376\377\000G\000d\000z\000i\000e\000\040\000m\000o\001\174\000n\000a\000\040\000z\000n\000a\000l\000e\001\172\001\007\000\040\000w\000i\001\031\000c\000e\000j\000\040\001\172\000r\000\363\000d\000e\001\102\000\040\000i\000n\000f\000o\000r\000m\000a\000c\000j\000i\000\040\000o\000\040\000s\001\102\000u\001\174\000b\000i\000e\000\040\000r\000a\000d\000i\000o\000a\000m\000a\000t\000o\000r\000s\000k\000i\000e\000j\000?}{}% 65
